<?xml version="1.0" encoding="UTF-8"?>
<testsuite name="web.api.LibraryTest" tests="1" skipped="0" failures="0" errors="0" timestamp="2022-01-13T14:06:51" hostname="localhost.localdomain" time="0.001">
  <properties/>
  <testcase name="testSomeLibraryMethod" classname="web.api.LibraryTest" time="0.001"/>
  <system-out><![CDATA[]]></system-out>
  <system-err><![CDATA[]]></system-err>
</testsuite>
